<?xml version="1.0" encoding="UTF-8"?>
<testng-results skipped="0" failed="0" ignored="0" total="3" passed="3">
  <reporter-output>
  </reporter-output>
  <suite name="Default suite" duration-ms="2975" started-at="2019-02-25T08:13:17Z" finished-at="2019-02-25T08:13:20Z">
    <groups>
    </groups>
    <test name="Default test" duration-ms="2975" started-at="2019-02-25T08:13:17Z" finished-at="2019-02-25T08:13:20Z">
      <class name="com.Alkanza.GooglePlacesAPI.getGooglePlacesApi">
        <test-method status="PASS" signature="test_CoffeeShop()[pri:0, instance:com.Alkanza.GooglePlacesAPI.getGooglePlacesApi@55f3ddb1]" name="test_CoffeeShop" duration-ms="2517" started-at="2019-02-25T08:13:17Z" finished-at="2019-02-25T08:13:20Z">
          <reporter-output>
          </reporter-output>
        </test-method> <!-- test_CoffeeShop -->
        <test-method status="PASS" signature="test_NotFound()[pri:0, instance:com.Alkanza.GooglePlacesAPI.getGooglePlacesApi@55f3ddb1]" name="test_NotFound" duration-ms="182" started-at="2019-02-25T08:13:20Z" finished-at="2019-02-25T08:13:20Z">
          <reporter-output>
          </reporter-output>
        </test-method> <!-- test_NotFound -->
        <test-method status="PASS" signature="test_Park()[pri:0, instance:com.Alkanza.GooglePlacesAPI.getGooglePlacesApi@55f3ddb1]" name="test_Park" duration-ms="236" started-at="2019-02-25T08:13:20Z" finished-at="2019-02-25T08:13:20Z">
          <reporter-output>
          </reporter-output>
        </test-method> <!-- test_Park -->
      </class> <!-- com.Alkanza.GooglePlacesAPI.getGooglePlacesApi -->
    </test> <!-- Default test -->
  </suite> <!-- Default suite -->
</testng-results>
