<?xml version="1.0" encoding="UTF-8"?>
<!-- Generated by org.testng.reporters.JUnitXMLReporter -->
<testsuite hostname="DESKTOP-NRFG22P" ignored="0" name="Default test" tests="3" failures="0" timestamp="25 feb 2019 08:13:20 GMT" time="2.975" errors="0">
  <testcase name="test_CoffeeShop" time="2.517" classname="com.Alkanza.GooglePlacesAPI.getGooglePlacesApi"/>
  <testcase name="test_NotFound" time="0.182" classname="com.Alkanza.GooglePlacesAPI.getGooglePlacesApi"/>
  <testcase name="test_Park" time="0.236" classname="com.Alkanza.GooglePlacesAPI.getGooglePlacesApi"/>
</testsuite> <!-- Default test -->
